#
# There is insufficient memory for the Java Runtime Environment to continue.
# Native memory allocation (mmap) failed to map 528482304 bytes for G1 virtual space
# Possible reasons:
#   The system is out of physical RAM or swap space
#   The process is running with CompressedOops enabled, and the Java Heap may be blocking the growth of the native heap
# Possible solutions:
#   Reduce memory load on the system
#   Increase physical memory or swap space
#   Check if swap backing store is full
#   Decrease Java heap size (-Xmx/-Xms)
#   Decrease number of Java threads
#   Decrease Java thread stack sizes (-Xss)
#   Set larger code cache with -XX:ReservedCodeCacheSize=
#   JVM is running with Zero Based Compressed Oops mode in which the Java heap is
#     placed in the first 32GB address space. The Java Heap base address is the
#     maximum limit for the native heap growth. Please use -XX:HeapBaseMinAddress
#     to set the Java Heap base and to place the Java Heap above 32GB virtual address.
# This output file may be truncated or incomplete.
#
#  Out of Memory Error (os_windows.cpp:3552), pid=13688, tid=14680
#
# JRE version:  (17.0.9+11) (build )
# Java VM: Java HotSpot(TM) 64-Bit Server VM (17.0.9+11-LTS-201, mixed mode, sharing, tiered, compressed oops, compressed class ptrs, g1 gc, windows-amd64)
# No core dump will be written. Minidumps are not enabled by default on client versions of Windows
#

---------------  S U M M A R Y ------------

Command Line: C:\Users\flova\AppData\Local\Temp\surefire17880613377921581895\surefirebooter-20240131181227056_3.jar C:\Users\flova\AppData\Local\Temp\surefire17880613377921581895 2024-01-31T18-12-17_135-jvmRun1 surefire-20240131181227056_1tmp surefire_0-20240131181227056_2tmp

Host: AMD Ryzen 7 5700G with Radeon Graphics         , 16 cores, 31G,  Windows 11 , 64 bit Build 22621 (10.0.22621.2506)
Time: Wed Jan 31 18:12:27 2024 E. South America Standard Time elapsed time: 0.011027 seconds (0d 0h 0m 0s)

---------------  T H R E A D  ---------------

Current thread (0x000002862f7d2e60):  JavaThread "Unknown thread" [_thread_in_vm, id=14680, stack(0x0000009b59700000,0x0000009b59800000)]

Stack: [0x0000009b59700000,0x0000009b59800000]
Native frames: (J=compiled Java code, j=interpreted, Vv=VM code, C=native code)
V  [jvm.dll+0x678a4a]
V  [jvm.dll+0x7d9cfd]
V  [jvm.dll+0x7db60e]
V  [jvm.dll+0x7dbc73]
V  [jvm.dll+0x245e1f]
V  [jvm.dll+0x6758f9]
V  [jvm.dll+0x66a2a2]
V  [jvm.dll+0x303686]
V  [jvm.dll+0x30ac06]
V  [jvm.dll+0x35a48e]
V  [jvm.dll+0x35a6bf]
V  [jvm.dll+0x2da678]
V  [jvm.dll+0x2db5e4]
V  [jvm.dll+0x7ab6b1]
V  [jvm.dll+0x368041]
V  [jvm.dll+0x78a749]
V  [jvm.dll+0x3ebd4f]
V  [jvm.dll+0x3ed7d1]
C  [jli.dll+0x5297]
C  [ucrtbase.dll+0x29363]
C  [KERNEL32.DLL+0x1257d]
C  [ntdll.dll+0x5aa58]


---------------  P R O C E S S  ---------------

Threads class SMR info:
_java_thread_list=0x00007ffcfcf689d8, length=0, elements={
}

Java Threads: ( => current thread )

Other Threads:
  0x000002862f87f4a0 GCTaskThread "GC Thread#0" [stack: 0x0000009b59800000,0x0000009b59900000] [id=21568]
  0x000002862f891e60 ConcurrentGCThread "G1 Main Marker" [stack: 0x0000009b59900000,0x0000009b59a00000] [id=14556]
  0x000002862f893010 ConcurrentGCThread "G1 Conc#0" [stack: 0x0000009b59a00000,0x0000009b59b00000] [id=23672]

[error occurred during error reporting (printing all threads), id 0xc0000005, EXCEPTION_ACCESS_VIOLATION (0xc0000005) at pc=0x00007ffcfc79b2d7]

VM state: not at safepoint (not fully initialized)

VM Mutex/Monitor currently owned by a thread:  ([mutex/lock_event])
[0x000002862f7cfac0] Heap_lock - owner thread: 0x000002862f7d2e60

Heap address: 0x000000060b400000, size: 8012 MB, Compressed Oops mode: Zero based, Oop shift amount: 3

CDS archive(s) mapped at: [0x0000000000000000-0x0000000000000000-0x0000000000000000), size 0, SharedBaseAddress: 0x0000000800000000, ArchiveRelocationMode: 1.
Narrow klass base: 0x0000000000000000, Narrow klass shift: 0, Narrow klass range: 0x0

GC Precious Log:
<Empty>

Heap:
 garbage-first heap   total 0K, used 0K [0x000000060b400000, 0x0000000800000000)
  region size 4096K, 0 young (0K), 0 survivors (0K)

[error occurred during error reporting (printing heap information), id 0xc0000005, EXCEPTION_ACCESS_VIOLATION (0xc0000005) at pc=0x00007ffcfcb82229]

GC Heap History (0 events):
No events

Deoptimization events (0 events):
No events

Classes unloaded (0 events):
No events

Classes redefined (0 events):
No events

Internal exceptions (0 events):
No events

VM Operations (0 events):
No events

Events (1 events):
Event: 0.006 Loaded shared library C:\Program Files\Java\jdk-17\bin\java.dll


Dynamic libraries:
0x00007ff721140000 - 0x00007ff721150000 	C:\Program Files\Java\jdk-17\bin\java.exe
0x00007ffd6f870000 - 0x00007ffd6fa87000 	C:\WINDOWS\SYSTEM32\ntdll.dll
0x00007ffd6dda0000 - 0x00007ffd6de64000 	C:\WINDOWS\System32\KERNEL32.DLL
0x00007ffd6d070000 - 0x00007ffd6d416000 	C:\WINDOWS\System32\KERNELBASE.dll
0x00007ffd6ce30000 - 0x00007ffd6cf41000 	C:\WINDOWS\System32\ucrtbase.dll
0x00007ffd68110000 - 0x00007ffd6812b000 	C:\Program Files\Java\jdk-17\bin\VCRUNTIME140.dll
0x00007ffd68a40000 - 0x00007ffd68a59000 	C:\Program Files\Java\jdk-17\bin\jli.dll
0x00007ffd6da70000 - 0x00007ffd6db23000 	C:\WINDOWS\System32\ADVAPI32.dll
0x00007ffd6dcf0000 - 0x00007ffd6dd97000 	C:\WINDOWS\System32\msvcrt.dll
0x00007ffd6d5c0000 - 0x00007ffd6d668000 	C:\WINDOWS\System32\sechost.dll
0x00007ffd6ce00000 - 0x00007ffd6ce28000 	C:\WINDOWS\System32\bcrypt.dll
0x00007ffd6ea20000 - 0x00007ffd6eb37000 	C:\WINDOWS\System32\RPCRT4.dll
0x00007ffd6dfe0000 - 0x00007ffd6e18e000 	C:\WINDOWS\System32\USER32.dll
0x00007ffd6d420000 - 0x00007ffd6d446000 	C:\WINDOWS\System32\win32u.dll
0x00007ffd57580000 - 0x00007ffd57813000 	C:\WINDOWS\WinSxS\amd64_microsoft.windows.common-controls_6595b64144ccf1df_6.0.22621.2506_none_270c5ae97388e100\COMCTL32.dll
0x00007ffd6e450000 - 0x00007ffd6e479000 	C:\WINDOWS\System32\GDI32.dll
0x00007ffd6cf50000 - 0x00007ffd6d068000 	C:\WINDOWS\System32\gdi32full.dll
0x00007ffd6cbb0000 - 0x00007ffd6cc4a000 	C:\WINDOWS\System32\msvcp_win.dll
0x00007ffd61c40000 - 0x00007ffd61c4a000 	C:\WINDOWS\SYSTEM32\VERSION.dll
0x00007ffd6d670000 - 0x00007ffd6d6a1000 	C:\WINDOWS\System32\IMM32.DLL
0x00007ffd689b0000 - 0x00007ffd689bc000 	C:\Program Files\Java\jdk-17\bin\vcruntime140_1.dll
0x00007ffd66740000 - 0x00007ffd667ce000 	C:\Program Files\Java\jdk-17\bin\msvcp140.dll
0x00007ffcfc4b0000 - 0x00007ffcfd091000 	C:\Program Files\Java\jdk-17\bin\server\jvm.dll
0x00007ffd6f7d0000 - 0x00007ffd6f7d8000 	C:\WINDOWS\System32\PSAPI.DLL
0x00007ffd52050000 - 0x00007ffd52059000 	C:\WINDOWS\SYSTEM32\WSOCK32.dll
0x00007ffd667d0000 - 0x00007ffd66804000 	C:\WINDOWS\SYSTEM32\WINMM.dll
0x00007ffd6d940000 - 0x00007ffd6d9b1000 	C:\WINDOWS\System32\WS2_32.dll
0x00007ffd6bba0000 - 0x00007ffd6bbb8000 	C:\WINDOWS\SYSTEM32\kernel.appcore.dll
0x00007ffd68000000 - 0x00007ffd6800a000 	C:\Program Files\Java\jdk-17\bin\jimage.dll
0x00007ffd62b00000 - 0x00007ffd62d33000 	C:\WINDOWS\SYSTEM32\DBGHELP.DLL
0x00007ffd6f440000 - 0x00007ffd6f7c9000 	C:\WINDOWS\System32\combase.dll
0x00007ffd6dc10000 - 0x00007ffd6dce7000 	C:\WINDOWS\System32\OLEAUT32.dll
0x00007ffd605e0000 - 0x00007ffd60612000 	C:\WINDOWS\SYSTEM32\dbgcore.DLL
0x00007ffd6cd10000 - 0x00007ffd6cd8a000 	C:\WINDOWS\System32\bcryptPrimitives.dll
0x00007ffd66710000 - 0x00007ffd66735000 	C:\Program Files\Java\jdk-17\bin\java.dll

dbghelp: loaded successfully - version: 4.0.5 - missing functions: none
symbol engine: initialized successfully - sym options: 0x614 - pdb path: .;C:\Program Files\Java\jdk-17\bin;C:\WINDOWS\SYSTEM32;C:\WINDOWS\WinSxS\amd64_microsoft.windows.common-controls_6595b64144ccf1df_6.0.22621.2506_none_270c5ae97388e100;C:\Program Files\Java\jdk-17\bin\server

VM Arguments:
java_command: C:\Users\flova\AppData\Local\Temp\surefire17880613377921581895\surefirebooter-20240131181227056_3.jar C:\Users\flova\AppData\Local\Temp\surefire17880613377921581895 2024-01-31T18-12-17_135-jvmRun1 surefire-20240131181227056_1tmp surefire_0-20240131181227056_2tmp
java_class_path (initial): C:\Users\flova\AppData\Local\Temp\surefire17880613377921581895\surefirebooter-20240131181227056_3.jar
Launcher Type: SUN_STANDARD

[Global flags]
     intx CICompilerCount                          = 12                                        {product} {ergonomic}
     uint ConcGCThreads                            = 3                                         {product} {ergonomic}
     uint G1ConcRefinementThreads                  = 13                                        {product} {ergonomic}
   size_t G1HeapRegionSize                         = 4194304                                   {product} {ergonomic}
    uintx GCDrainStackTargetSize                   = 64                                        {product} {ergonomic}
   size_t InitialHeapSize                          = 528482304                                 {product} {ergonomic}
   size_t MarkStackSize                            = 4194304                                   {product} {ergonomic}
   size_t MaxHeapSize                              = 8401190912                                {product} {ergonomic}
   size_t MinHeapDeltaBytes                        = 4194304                                   {product} {ergonomic}
   size_t MinHeapSize                              = 8388608                                   {product} {ergonomic}
    uintx NonNMethodCodeHeapSize                   = 7602480                                {pd product} {ergonomic}
    uintx NonProfiledCodeHeapSize                  = 122027880                              {pd product} {ergonomic}
    uintx ProfiledCodeHeapSize                     = 122027880                              {pd product} {ergonomic}
    uintx ReservedCodeCacheSize                    = 251658240                              {pd product} {ergonomic}
     bool SegmentedCodeCache                       = true                                      {product} {ergonomic}
   size_t SoftMaxHeapSize                          = 8401190912                             {manageable} {ergonomic}
     bool UseCompressedClassPointers               = true                           {product lp64_product} {ergonomic}
     bool UseCompressedOops                        = true                           {product lp64_product} {ergonomic}
     bool UseG1GC                                  = true                                      {product} {ergonomic}
     bool UseLargePagesIndividualAllocation        = false                                  {pd product} {ergonomic}

Logging:
Log output configuration:
 #0: stdout all=warning uptime,level,tags
 #1: stderr all=off uptime,level,tags

Environment Variables:
JAVA_HOME=C:\Program Files\Java\jdk-17
PATH=C:\Program Files\Common Files\Oracle\Java\javapath;C:\Program Files\Python311\Scripts\;C:\Program Files\Python311\;C:\Users\flova\AppData\Roaming\Python\Python311\Scripts;C:\WINDOWS\system32;C:\WINDOWS;C:\WINDOWS\System32\Wbem;C:\WINDOWS\System32\WindowsPowerShell\v1.0\;C:\WINDOWS\System32\OpenSSH\;C:\ProgramData\chocolatey\bin;C:\Program Files\nodejs\;C:\Program Files\Git\cmd;C:\Program Files\dotnet\;C:\Users\flova\AppData\Local\Microsoft\WindowsApps;C:\Users\flova\AppData\Local\Programs\Microsoft VS Code\bin;C:\Users\flova\AppData\Local\Google\Cloud SDK\google-cloud-sdk\bin;c:\php;c:\maven\bin;C:\Users\flova\AppData\Roaming\npm;C:\Program Files\Graphviz\bin;C:\Users\flova\AppData\Local\Programs\Rancher Desktop\resources\resources\win32\bin\;C:\Users\flova\AppData\Local\Programs\Rancher Desktop\resources\resources\linux\bin\
USERNAME=Fabius
OS=Windows_NT
PROCESSOR_IDENTIFIER=AMD64 Family 25 Model 80 Stepping 0, AuthenticAMD



---------------  S Y S T E M  ---------------

OS:
 Windows 11 , 64 bit Build 22621 (10.0.22621.2506)
OS uptime: 1 days 7:08 hours
Hyper-V role detected

CPU: total 16 (initial active 16) (16 cores per cpu, 2 threads per core) family 25 model 80 stepping 0 microcode 0x0, cx8, cmov, fxsr, ht, mmx, 3dnowpref, sse, sse2, sse3, ssse3, sse4a, sse4.1, sse4.2, popcnt, lzcnt, tsc, tscinvbit, avx, avx2, aes, erms, clmul, bmi1, bmi2, adx, sha, fma, vzeroupper, clflush, clflushopt, hv

Memory: 4k page, system-wide physical 32040M (10558M free)
TotalPageFile size 130344M (AvailPageFile size 454M)
current process WorkingSet (physical memory assigned to process): 11M, peak: 11M
current process commit charge ("private bytes"): 71M, peak: 575M

vm_info: Java HotSpot(TM) 64-Bit Server VM (17.0.9+11-LTS-201) for windows-amd64 JRE (17.0.9+11-LTS-201), built on Oct 10 2023 23:16:06 by "mach5one" with MS VC++ 17.1 (VS2022)

END.
